2026-05-23 05:14:14,164 - INFO - Background: Browser is on the Best Buy home page
2026-05-23 05:14:22,338 - INFO - Selected United States
2026-05-23 05:14:26,779 - INFO - Home page verified successfully
2026-05-23 05:14:28,613 - INFO - Screenshot saved at: reports/screenshots\home_page_verified_20260523_051426.png
2026-05-23 05:14:28,701 - INFO - Background: Browser is on the Best Buy home page
2026-05-23 05:14:44,076 - INFO - Country selector not present Ś skipping
2026-05-23 05:16:44,183 - INFO - Background: Browser is on the Best Buy home page
2026-05-23 05:17:47,162 - INFO - Country selector not present Ś skipping
2026-05-23 05:17:47,173 - INFO - Background: Browser is on the Best Buy home page
2026-05-23 05:17:47,178 - INFO - Country selector not present Ś skipping
2026-05-23 05:17:47,190 - INFO - Background: Browser is on the Best Buy home page
2026-05-23 05:17:47,194 - INFO - Country selector not present Ś skipping
2026-05-23 05:17:47,200 - INFO - Background: Browser is on the Best Buy home page
2026-05-23 05:17:47,203 - INFO - Country selector not present Ś skipping
2026-05-23 05:17:47,211 - INFO - Background: Browser is on the Best Buy home page
2026-05-23 05:17:47,214 - INFO - Country selector not present Ś skipping
2026-05-23 05:17:47,226 - INFO - Background: Browser is on the Best Buy home page
2026-05-23 05:17:47,229 - INFO - Country selector not present Ś skipping
2026-05-23 05:45:51,699 - INFO - Background: Browser is on the Best Buy home page
2026-05-23 05:45:58,657 - INFO - Selected United States
2026-05-23 05:45:59,063 - INFO - Home page verified successfully
2026-05-23 05:46:00,069 - INFO - Screenshot saved at: reports/screenshots\home_page_verified_20260523_054559.png
2026-05-23 05:46:00,072 - INFO - Background: Browser is on the Best Buy home page
2026-05-23 05:46:15,095 - INFO - Country selector not present Ś skipping
2026-05-23 05:46:54,721 - INFO - Clicked Trending Deals 'See More' button
2026-05-23 05:46:54,850 - INFO - Background: Browser is on the Best Buy home page
2026-05-23 05:46:54,861 - INFO - Country selector not present Ś skipping
2026-05-23 05:46:54,881 - INFO - Background: Browser is on the Best Buy home page
2026-05-23 05:46:54,886 - INFO - Country selector not present Ś skipping
2026-05-23 05:46:54,905 - INFO - Background: Browser is on the Best Buy home page
2026-05-23 05:46:54,913 - INFO - Country selector not present Ś skipping
2026-05-23 05:46:54,928 - INFO - Background: Browser is on the Best Buy home page
2026-05-23 05:46:54,933 - INFO - Country selector not present Ś skipping
2026-05-23 05:46:54,951 - INFO - Background: Browser is on the Best Buy home page
2026-05-23 05:46:54,964 - INFO - Country selector not present Ś skipping
2026-05-23 05:46:54,989 - INFO - Background: Browser is on the Best Buy home page
2026-05-23 05:46:54,998 - INFO - Country selector not present Ś skipping
2026-05-23 07:15:15,050 - INFO - Background: Browser is on the Best Buy home page
2026-05-23 07:15:21,891 - INFO - Selected United States
2026-05-23 07:15:22,244 - INFO - Home page verified successfully
2026-05-23 07:15:23,156 - INFO - Screenshot saved at: reports/screenshots\home_page_verified_20260523_071522.png
2026-05-23 07:15:23,158 - INFO - Background: Browser is on the Best Buy home page
2026-05-23 07:15:41,968 - INFO - Country selector not present Ś skipping
2026-05-23 07:17:42,170 - INFO - Background: Browser is on the Best Buy home page
2026-05-23 07:18:31,193 - INFO - Country selector not present Ś skipping
2026-05-23 07:18:31,211 - INFO - Background: Browser is on the Best Buy home page
2026-05-23 07:18:31,216 - INFO - Country selector not present Ś skipping
2026-05-23 07:18:31,230 - INFO - Background: Browser is on the Best Buy home page
2026-05-23 07:18:31,234 - INFO - Country selector not present Ś skipping
2026-05-23 07:18:31,241 - INFO - Background: Browser is on the Best Buy home page
2026-05-23 07:18:31,245 - INFO - Country selector not present Ś skipping
2026-05-23 07:18:31,255 - INFO - Background: Browser is on the Best Buy home page
2026-05-23 07:18:31,259 - INFO - Country selector not present Ś skipping
2026-05-23 07:18:31,273 - INFO - Background: Browser is on the Best Buy home page
2026-05-23 07:18:31,278 - INFO - Country selector not present Ś skipping
2026-05-23 09:35:55,199 - INFO - Background: Browser is on the Best Buy home page
2026-05-23 09:36:54,918 - INFO - Selected United States
2026-05-23 09:36:54,937 - INFO - Home page verified successfully
2026-05-23 09:36:55,445 - INFO - Screenshot saved at: reports/screenshots\home_page_verified_20260523_093654.png
2026-05-23 09:36:55,449 - INFO - Background: Browser is on the Best Buy home page
2026-05-23 09:37:10,943 - INFO - Country selector not present Ś skipping
2026-05-23 09:37:41,216 - INFO - Background: Browser is on the Best Buy home page
2026-05-23 09:37:42,315 - INFO - Country selector not present Ś skipping
2026-05-23 09:37:42,543 - INFO - Background: Browser is on the Best Buy home page
2026-05-23 09:37:42,546 - INFO - Country selector not present Ś skipping
2026-05-23 09:37:42,554 - INFO - Background: Browser is on the Best Buy home page
2026-05-23 09:37:42,556 - INFO - Country selector not present Ś skipping
2026-05-23 09:37:42,561 - INFO - Background: Browser is on the Best Buy home page
2026-05-23 09:37:42,564 - INFO - Country selector not present Ś skipping
2026-05-23 09:37:42,571 - INFO - Background: Browser is on the Best Buy home page
2026-05-23 09:37:42,574 - INFO - Country selector not present Ś skipping
2026-05-23 09:37:42,581 - INFO - Background: Browser is on the Best Buy home page
2026-05-23 09:37:42,584 - INFO - Country selector not present Ś skipping
2026-05-23 10:31:30,259 - INFO - Background: Browser is on the Laptops & Computers category page
2026-05-23 10:31:30,909 - INFO - Entered Min=500, Max=100
2026-05-23 10:31:31,107 - INFO - Clicked Set button
2026-05-23 10:31:31,113 - INFO - Alert detected: 'Minimum value cannot be greater than the maximum value.'
2026-05-23 10:31:31,113 - INFO - Alert message validated successfully
2026-05-23 10:31:31,123 - INFO - Alert accepted
2026-05-23 10:31:31,625 - INFO - Price input boxes are cleared
2026-05-23 10:31:31,628 - INFO - Background: Browser is on the Laptops & Computers category page
2026-05-23 10:31:32,094 - INFO - Entered Min=100, Max=0
2026-05-23 10:31:32,231 - INFO - Clicked Set button
2026-05-23 10:31:32,238 - INFO - Alert detected: 'Minimum value cannot be greater than the maximum value.'
2026-05-23 10:31:32,238 - INFO - Alert message validated successfully
2026-05-23 10:31:32,249 - INFO - Alert accepted
2026-05-23 10:31:32,800 - INFO - Price input boxes are cleared
2026-05-23 10:31:32,803 - INFO - Background: Browser is on the Laptops & Computers category page
2026-05-23 10:31:33,231 - INFO - Entered Min=0, Max=0
2026-05-23 10:31:33,419 - INFO - Clicked Set button
2026-05-23 10:31:33,541 - INFO - First product-grid child count: 8 (expecting 0 after filter)
2026-05-23 10:31:34,064 - INFO - First product-grid child count: 8 (expecting 0 after filter)
2026-05-23 10:31:34,585 - INFO - First product-grid child count: 8 (expecting 0 after filter)
2026-05-23 10:31:35,107 - INFO - First product-grid child count: 8 (expecting 0 after filter)
2026-05-23 10:31:35,630 - INFO - First product-grid child count: 8 (expecting 0 after filter)
2026-05-23 10:31:36,149 - INFO - First product-grid child count: 8 (expecting 0 after filter)
2026-05-23 10:31:36,672 - INFO - First product-grid child count: 8 (expecting 0 after filter)
2026-05-23 10:31:37,193 - INFO - First product-grid child count: 8 (expecting 0 after filter)
2026-05-23 10:31:37,714 - INFO - First product-grid child count: 8 (expecting 0 after filter)
2026-05-23 10:31:38,297 - INFO - First product-grid child count: 8 (expecting 0 after filter)
2026-05-23 10:31:38,817 - INFO - First product-grid child count: 8 (expecting 0 after filter)
2026-05-23 10:31:39,338 - INFO - First product-grid child count: 8 (expecting 0 after filter)
2026-05-23 10:31:39,861 - INFO - First product-grid child count: 8 (expecting 0 after filter)
2026-05-23 10:31:40,382 - INFO - First product-grid child count: 8 (expecting 0 after filter)
2026-05-23 10:31:40,901 - INFO - First product-grid child count: 8 (expecting 0 after filter)
2026-05-23 10:31:41,422 - INFO - First product-grid child count: 8 (expecting 0 after filter)
2026-05-23 10:31:41,947 - INFO - First product-grid child count: 8 (expecting 0 after filter)
2026-05-23 10:31:42,467 - INFO - First product-grid child count: 8 (expecting 0 after filter)
2026-05-23 10:31:42,988 - INFO - First product-grid child count: 8 (expecting 0 after filter)
2026-05-23 10:31:43,675 - INFO - First product-grid child count: 8 (expecting 0 after filter)
2026-05-23 10:31:43,681 - INFO - Background: Browser is on the Laptops & Computers category page
2026-05-23 10:31:44,148 - INFO - Entered Min=0, Max=100
2026-05-23 10:31:44,507 - INFO - Clicked Set button
2026-05-23 10:31:44,658 - INFO - First product-grid child count: 8 (expecting 0 after filter)
2026-05-23 10:31:45,179 - INFO - First product-grid child count: 8 (expecting 0 after filter)
2026-05-23 10:31:45,703 - INFO - First product-grid child count: 8 (expecting 0 after filter)
2026-05-23 10:31:46,225 - INFO - First product-grid child count: 8 (expecting 0 after filter)
2026-05-23 10:31:46,746 - INFO - First product-grid child count: 8 (expecting 0 after filter)
2026-05-23 10:31:47,265 - INFO - First product-grid child count: 8 (expecting 0 after filter)
2026-05-23 10:31:47,788 - INFO - First product-grid child count: 8 (expecting 0 after filter)
2026-05-23 10:31:48,309 - INFO - First product-grid child count: 8 (expecting 0 after filter)
2026-05-23 10:31:48,833 - INFO - First product-grid child count: 8 (expecting 0 after filter)
2026-05-23 10:31:49,353 - INFO - First product-grid child count: 8 (expecting 0 after filter)
2026-05-23 10:31:49,873 - INFO - First product-grid child count: 8 (expecting 0 after filter)
2026-05-23 10:31:50,395 - INFO - First product-grid child count: 8 (expecting 0 after filter)
2026-05-23 10:31:50,914 - INFO - First product-grid child count: 8 (expecting 0 after filter)
2026-05-23 10:31:51,438 - INFO - First product-grid child count: 8 (expecting 0 after filter)
2026-05-23 10:31:51,961 - INFO - First product-grid child count: 8 (expecting 0 after filter)
2026-05-23 10:31:52,486 - INFO - First product-grid child count: 8 (expecting 0 after filter)
2026-05-23 10:31:53,008 - INFO - First product-grid child count: 8 (expecting 0 after filter)
2026-05-23 10:31:53,528 - INFO - First product-grid child count: 8 (expecting 0 after filter)
2026-05-23 10:31:54,048 - INFO - First product-grid child count: 8 (expecting 0 after filter)
2026-05-23 10:31:54,627 - INFO - First product-grid child count: 8 (expecting 0 after filter)
2026-05-23 10:31:54,628 - INFO - Background: Browser is on the Laptops & Computers category page
2026-05-23 10:31:55,083 - INFO - Entered Min=100, Max=1000
2026-05-23 10:31:55,290 - INFO - Clicked Set button
2026-05-23 10:31:55,402 - INFO - Products are visible after filter
2026-05-23 10:31:55,402 - INFO - Products are visible on the page after applying price filter
2026-05-23 10:31:55,555 - INFO - Screenshot saved at: reports/screenshots\products_visible_20260523_103155.png
2026-05-23 10:31:55,597 - INFO - First product price: $1424.99
2026-05-23 10:31:55,597 - WARNING - SOFT ASSERT FAILED Ś First product price $1424.99 is outside the filter range (100, 1000)
2026-05-23 10:31:55,740 - INFO - Screenshot saved at: reports/screenshots\price_check_100_1000_20260523_103155.png
2026-05-23 10:31:55,959 - INFO - Clicked Clear button
2026-05-23 10:31:56,028 - INFO - Price filter cleared Ś input boxes are empty
2026-05-23 10:31:56,032 - INFO - Background: Browser is on the Laptops & Computers category page
2026-05-23 10:31:56,466 - INFO - Entered Min=500, Max=2000
2026-05-23 10:31:56,492 - INFO - Products are visible after filter
2026-05-23 10:31:56,492 - INFO - Products are visible on the page after applying price filter
2026-05-23 10:31:56,633 - INFO - Screenshot saved at: reports/screenshots\products_visible_20260523_103156.png
2026-05-23 10:31:56,667 - INFO - First product price: $1424.99
2026-05-23 10:31:56,831 - INFO - Screenshot saved at: reports/screenshots\price_check_500_2000_20260523_103156.png
2026-05-23 10:31:56,875 - INFO - Found 1 Add-to-Cart button(s)
2026-05-23 10:31:56,926 - INFO - Clicked Add-to-Cart for the first product
2026-05-23 11:00:45,306 - INFO - Background: Browser is on the Laptops & Computers category page
2026-05-23 11:00:46,077 - INFO - Entered Min=500, Max=100
2026-05-23 11:00:46,234 - INFO - Clicked Set button
2026-05-23 11:00:46,240 - INFO - Alert detected: 'Minimum value cannot be greater than the maximum value.'
2026-05-23 11:00:46,240 - INFO - Alert message validated successfully
2026-05-23 11:00:46,249 - INFO - Alert accepted
2026-05-23 11:00:46,786 - INFO - Price input boxes are cleared
2026-05-23 11:00:46,789 - INFO - Background: Browser is on the Laptops & Computers category page
2026-05-23 11:00:47,264 - INFO - Entered Min=100, Max=0
2026-05-23 11:00:47,408 - INFO - Clicked Set button
2026-05-23 11:00:47,412 - INFO - Alert detected: 'Minimum value cannot be greater than the maximum value.'
2026-05-23 11:00:47,412 - INFO - Alert message validated successfully
2026-05-23 11:00:47,420 - INFO - Alert accepted
2026-05-23 11:00:47,897 - INFO - Price input boxes are cleared
2026-05-23 11:00:47,901 - INFO - Background: Browser is on the Laptops & Computers category page
2026-05-23 11:00:48,330 - INFO - Entered Min=0, Max=0
2026-05-23 11:00:48,532 - INFO - Clicked Set button
2026-05-23 11:01:09,039 - INFO - product-grid not empty or not found: Message: 

2026-05-23 11:01:09,045 - INFO - Background: Browser is on the Laptops & Computers category page
2026-05-23 11:01:09,518 - INFO - Entered Min=0, Max=100
2026-05-23 11:01:09,788 - INFO - Clicked Set button
2026-05-23 11:01:29,891 - INFO - product-grid not empty or not found: Message: 

2026-05-23 11:01:29,893 - INFO - Background: Browser is on the Laptops & Computers category page
2026-05-23 11:01:30,410 - INFO - Entered Min=100, Max=1000
2026-05-23 11:01:30,637 - INFO - Clicked Set button
2026-05-23 11:01:30,762 - INFO - Products are visible after filter
2026-05-23 11:01:30,762 - INFO - Products are visible on the page after applying price filter
2026-05-23 11:01:30,928 - INFO - Screenshot saved at: reports/screenshots\products_visible_20260523_110130.png
2026-05-23 11:01:30,968 - INFO - First product price: $1424.99
2026-05-23 11:01:30,968 - WARNING - SOFT ASSERT FAILED Ś First product price $1424.99 is outside the filter range (100, 1000)
2026-05-23 11:01:31,118 - INFO - Screenshot saved at: reports/screenshots\price_check_100_1000_20260523_110130.png
2026-05-23 11:01:31,336 - INFO - Clicked Clear button
2026-05-23 11:01:31,375 - INFO - Price filter cleared Ś input boxes are empty
2026-05-23 11:01:31,377 - INFO - Background: Browser is on the Laptops & Computers category page
2026-05-23 11:01:31,805 - INFO - Entered Min=500, Max=2000
2026-05-23 11:01:31,829 - INFO - Products are visible after filter
2026-05-23 11:01:31,829 - INFO - Products are visible on the page after applying price filter
2026-05-23 11:01:31,980 - INFO - Screenshot saved at: reports/screenshots\products_visible_20260523_110131.png
2026-05-23 11:01:32,015 - INFO - First product price: $1424.99
2026-05-23 11:01:32,015 - INFO - Price $1424.99 is within range (500, 2000) CHECK
2026-05-23 11:01:32,189 - INFO - Screenshot saved at: reports/screenshots\price_check_500_2000_20260523_110132.png
2026-05-23 11:01:32,231 - INFO - Found 1 Add-to-Cart button(s)
2026-05-23 11:01:32,275 - INFO - Clicked Add-to-Cart for the first product
2026-05-23 11:25:24,475 - INFO - Background: Browser is on the Laptops & Computers category page
2026-05-23 11:25:26,497 - INFO - Entered Min=500, Max=100
2026-05-23 11:25:29,641 - INFO - Clicked Set button
2026-05-23 11:25:29,648 - INFO - Alert detected: 'Minimum value cannot be greater than the maximum value.'
2026-05-23 11:25:29,648 - INFO - Alert message validated successfully
2026-05-23 11:25:29,659 - INFO - Alert accepted
2026-05-23 11:25:30,195 - INFO - Price input boxes are cleared
2026-05-23 11:25:30,197 - INFO - Background: Browser is on the Laptops & Computers category page
2026-05-23 11:25:32,007 - INFO - Entered Min=100, Max=0
2026-05-23 11:25:35,171 - INFO - Clicked Set button
2026-05-23 11:25:35,174 - INFO - Alert detected: 'Minimum value cannot be greater than the maximum value.'
2026-05-23 11:25:35,174 - INFO - Alert message validated successfully
2026-05-23 11:25:35,186 - INFO - Alert accepted
2026-05-23 11:25:35,753 - INFO - Price input boxes are cleared
2026-05-23 11:25:35,756 - INFO - Background: Browser is on the Laptops & Computers category page
2026-05-23 11:25:37,475 - INFO - Entered Min=0, Max=0
2026-05-23 11:25:40,696 - INFO - Clicked Set button
2026-05-23 11:26:01,132 - INFO - product-grid not empty or not found: Message: 

2026-05-23 11:26:01,135 - INFO - Background: Browser is on the Laptops & Computers category page
2026-05-23 11:26:02,894 - INFO - Entered Min=0, Max=100
2026-05-23 11:26:06,105 - INFO - Clicked Set button
2026-05-23 11:26:26,462 - INFO - product-grid not empty or not found: Message: 

2026-05-23 11:26:26,464 - INFO - Background: Browser is on the Laptops & Computers category page
2026-05-23 11:26:28,215 - INFO - Entered Min=100, Max=1000
2026-05-23 11:26:31,417 - INFO - Clicked Set button
2026-05-23 11:26:31,440 - INFO - Products are visible after filter
2026-05-23 11:26:31,441 - INFO - Products are visible on the page after applying price filter
2026-05-23 11:26:31,589 - INFO - Screenshot saved at: reports/screenshots\products_visible_20260523_112631.png
2026-05-23 11:26:31,627 - INFO - First product price: $1424.99
2026-05-23 11:26:31,627 - WARNING - SOFT ASSERT FAILED Ś First product price $1424.99 is outside the filter range (100, 1000)
2026-05-23 11:26:31,792 - INFO - Screenshot saved at: reports/screenshots\price_check_100_1000_20260523_112631.png
2026-05-23 11:26:31,994 - INFO - Clicked Clear button
2026-05-23 11:26:32,033 - INFO - Price filter cleared Ś input boxes are empty
2026-05-23 11:26:32,034 - INFO - Background: Browser is on the Laptops & Computers category page
2026-05-23 11:26:33,908 - INFO - Entered Min=500, Max=2000
2026-05-23 11:26:33,931 - INFO - Products are visible after filter
2026-05-23 11:26:33,931 - INFO - Products are visible on the page after applying price filter
2026-05-23 11:26:34,077 - INFO - Screenshot saved at: reports/screenshots\products_visible_20260523_112633.png
2026-05-23 11:26:34,145 - INFO - First product price: $1424.99
2026-05-23 11:26:34,145 - INFO - Price $1424.99 is within range (500, 2000) CHECK
2026-05-23 11:26:34,282 - INFO - Screenshot saved at: reports/screenshots\price_check_500_2000_20260523_112634.png
2026-05-23 11:26:34,313 - INFO - Found 1 Add-to-Cart button(s)
2026-05-23 11:26:34,348 - INFO - Clicked Add-to-Cart for the first product
2026-05-23 12:13:07,628 - INFO - Background: Browser is on the Laptops & Computers category page
2026-05-23 12:13:09,678 - INFO - Entered Min=500, Max=100
2026-05-23 12:13:12,862 - INFO - Clicked Set button
2026-05-23 12:13:12,866 - INFO - Alert detected: 'Minimum value cannot be greater than the maximum value.'
2026-05-23 12:13:12,866 - INFO - Alert message validated successfully
2026-05-23 12:13:12,876 - INFO - Alert accepted
2026-05-23 12:13:13,620 - INFO - Price input boxes are cleared
2026-05-23 12:13:13,623 - INFO - Background: Browser is on the Laptops & Computers category page
2026-05-23 12:13:15,534 - INFO - Entered Min=100, Max=0
2026-05-23 12:13:18,676 - INFO - Clicked Set button
2026-05-23 12:13:18,683 - INFO - Alert detected: 'Minimum value cannot be greater than the maximum value.'
2026-05-23 12:13:18,683 - INFO - Alert message validated successfully
2026-05-23 12:13:18,694 - INFO - Alert accepted
2026-05-23 12:13:19,303 - INFO - Price input boxes are cleared
2026-05-23 12:13:19,305 - INFO - Background: Browser is on the Laptops & Computers category page
2026-05-23 12:13:21,071 - INFO - Entered Min=0, Max=0
2026-05-23 12:13:24,246 - INFO - Clicked Set button
2026-05-23 12:13:44,352 - INFO - product-grid not empty or not found: Message: 

2026-05-23 12:13:44,352 - WARNING - SOFT ASSERT FAILED Ś Product grid is not empty after zero/low price filter is not applied.
2026-05-23 12:13:44,568 - INFO - Clicked Clear button
2026-05-23 12:13:44,651 - INFO - Price filter cleared Ś input boxes are empty
2026-05-23 12:13:44,655 - INFO - Background: Browser is on the Laptops & Computers category page
2026-05-23 12:13:46,387 - INFO - Entered Min=0, Max=100
2026-05-23 12:13:49,583 - INFO - Clicked Set button
2026-05-23 12:14:09,945 - INFO - product-grid not empty or not found: Message: 

2026-05-23 12:14:09,945 - WARNING - SOFT ASSERT FAILED Ś Product grid is not empty after zero/low price filter is not applied.
2026-05-23 12:14:10,135 - INFO - Clicked Clear button
2026-05-23 12:14:10,176 - INFO - Price filter cleared Ś input boxes are empty
2026-05-23 12:14:10,178 - INFO - Background: Browser is on the Laptops & Computers category page
2026-05-23 12:14:11,892 - INFO - Entered Min=100, Max=1000
2026-05-23 12:14:15,101 - INFO - Clicked Set button
2026-05-23 12:14:15,124 - INFO - Products are visible after filter
2026-05-23 12:14:15,124 - INFO - Products are visible on the page after applying price filter
2026-05-23 12:14:15,227 - INFO - Screenshot saved at: reports/screenshots\products_visible_20260523_121415.png
2026-05-23 12:14:15,267 - INFO - First product price: $579.99
2026-05-23 12:14:15,267 - INFO - Price $579.99 is within range (100, 1000) CHECK
2026-05-23 12:14:15,354 - INFO - Screenshot saved at: reports/screenshots\price_check_100_1000_20260523_121415.png
2026-05-23 12:14:15,569 - INFO - Clicked Clear button
2026-05-23 12:14:15,617 - INFO - Price filter cleared Ś input boxes are empty
2026-05-23 12:14:15,618 - INFO - Background: Browser is on the Laptops & Computers category page
2026-05-23 12:14:17,364 - INFO - Entered Min=500, Max=2000
2026-05-23 12:14:17,383 - INFO - Products are visible after filter
2026-05-23 12:14:17,383 - INFO - Products are visible on the page after applying price filter
2026-05-23 12:14:17,476 - INFO - Screenshot saved at: reports/screenshots\products_visible_20260523_121417.png
2026-05-23 12:14:17,507 - INFO - First product price: $579.99
2026-05-23 12:14:17,507 - INFO - Price $579.99 is within range (500, 2000) CHECK
2026-05-23 12:14:17,590 - INFO - Screenshot saved at: reports/screenshots\price_check_500_2000_20260523_121417.png
2026-05-23 12:14:17,626 - INFO - Found 1 Add-to-Cart button(s)
2026-05-23 12:14:17,682 - INFO - Clicked Add-to-Cart for the first product
2026-05-23 14:25:14,617 - INFO - Background: Browser is on the Laptops & Computers category page
2026-05-23 14:25:17,339 - INFO - Entered Min=500, Max=100
2026-05-23 14:25:20,577 - INFO - Clicked Set button
2026-05-23 14:25:20,584 - INFO - Alert detected: 'Minimum value cannot be greater than the maximum value.'
2026-05-23 14:25:20,584 - INFO - Alert message validated successfully
2026-05-23 14:25:20,667 - INFO - Alert accepted
2026-05-23 14:25:21,852 - INFO - Price input boxes are cleared
2026-05-23 14:25:21,855 - INFO - Background: Browser is on the Laptops & Computers category page
2026-05-23 14:25:24,181 - INFO - Entered Min=100, Max=0
2026-05-23 14:25:27,388 - INFO - Clicked Set button
2026-05-23 14:25:27,392 - INFO - Alert detected: 'Minimum value cannot be greater than the maximum value.'
2026-05-23 14:25:27,392 - INFO - Alert message validated successfully
2026-05-23 14:25:27,405 - INFO - Alert accepted
2026-05-23 14:25:28,166 - INFO - Price input boxes are cleared
2026-05-23 14:25:28,170 - INFO - Background: Browser is on the Laptops & Computers category page
2026-05-23 14:25:30,100 - INFO - Entered Min=0, Max=0
2026-05-23 14:25:33,397 - INFO - Clicked Set button
2026-05-23 14:25:53,522 - INFO - product-grid not empty or not found: Message: 

2026-05-23 14:25:53,522 - WARNING - SOFT ASSERT FAILED Ś Product grid is not empty after zero/low price filter is not applied.
2026-05-23 14:25:53,866 - INFO - Clicked Clear button
2026-05-23 14:25:53,929 - INFO - Price filter cleared Ś input boxes are empty
2026-05-23 14:25:53,932 - INFO - Background: Browser is on the Laptops & Computers category page
2026-05-23 14:25:55,989 - INFO - Entered Min=0, Max=100
2026-05-23 14:25:59,436 - INFO - Clicked Set button
2026-05-23 14:26:19,664 - INFO - product-grid not empty or not found: Message: 

2026-05-23 14:26:19,664 - WARNING - SOFT ASSERT FAILED Ś Product grid is not empty after zero/low price filter is not applied.
2026-05-23 14:26:19,965 - INFO - Clicked Clear button
2026-05-23 14:26:20,027 - INFO - Price filter cleared Ś input boxes are empty
2026-05-23 14:26:20,028 - INFO - Background: Browser is on the Laptops & Computers category page
2026-05-23 14:26:22,080 - INFO - Entered Min=100, Max=1000
2026-05-23 14:26:25,443 - INFO - Clicked Set button
2026-05-23 14:26:25,484 - INFO - Products are visible after filter
2026-05-23 14:26:25,484 - INFO - Products are visible on the page after applying price filter
2026-05-23 14:26:25,604 - INFO - Screenshot saved at: reports/screenshots\products_visible_20260523_142625.png
2026-05-23 14:26:25,661 - INFO - First product price: $579.99
2026-05-23 14:26:25,661 - INFO - Price $579.99 is within range (100, 1000) CHECK
2026-05-23 14:26:25,771 - INFO - Screenshot saved at: reports/screenshots\price_check_100_1000_20260523_142625.png
2026-05-23 14:26:26,073 - INFO - Clicked Clear button
2026-05-23 14:26:26,141 - INFO - Price filter cleared Ś input boxes are empty
2026-05-23 14:26:26,146 - INFO - Background: Browser is on the Laptops & Computers category page
2026-05-23 14:26:28,159 - INFO - Entered Min=500, Max=2000
2026-05-23 14:26:31,512 - INFO - Clicked Set button
2026-05-23 14:26:31,543 - INFO - Products are visible after filter
2026-05-23 14:26:31,543 - INFO - Products are visible on the page after applying price filter
2026-05-23 14:26:31,663 - INFO - Screenshot saved at: reports/screenshots\products_visible_20260523_142631.png
2026-05-23 14:26:31,709 - INFO - First product price: $579.99
2026-05-23 14:26:31,709 - INFO - Price $579.99 is within range (500, 2000) CHECK
2026-05-23 14:26:31,814 - INFO - Screenshot saved at: reports/screenshots\price_check_500_2000_20260523_142631.png
2026-05-23 14:26:31,896 - INFO - Found 1 Add-to-Cart button(s)
2026-05-23 14:26:31,997 - INFO - Clicked Add-to-Cart for the first product
2026-05-23 14:28:32,081 - WARNING - Cart icon click timed out Ś page still loading: HTTPConnectionPool(host='localhost', port=64288): Read timed out. (read timeout=120)
2026-05-23 14:28:32,084 - WARNING - Cart icon click raised a timeout exception as expected Ś page was still loading: HTTPConnectionPool(host='localhost', port=64288): Read timed out. (read timeout=120)
2026-05-23 16:55:18,906 - INFO - Background: Browser is on the Best Buy home page
2026-05-23 16:55:42,412 - INFO - Selected United States
2026-05-23 16:55:43,316 - INFO - Home page verified successfully
2026-05-23 16:55:43,456 - INFO - Screenshot saved at: reports/screenshots\home_page_verified_20260523_165543.png
2026-05-23 16:55:43,459 - INFO - Background: Browser is on the Best Buy home page
2026-05-23 16:55:59,119 - INFO - Country selector not present Ś skipping
2026-05-23 16:56:16,166 - INFO - Background: Browser is on the Best Buy home page
2026-05-23 16:56:16,289 - INFO - Background: Browser is on the Best Buy home page
2026-05-23 16:56:16,296 - INFO - Background: Browser is on the Best Buy home page
2026-05-23 16:56:16,303 - INFO - Background: Browser is on the Best Buy home page
2026-05-23 16:56:16,309 - INFO - Background: Browser is on the Best Buy home page
2026-05-23 16:56:16,318 - INFO - Background: Browser is on the Best Buy home page
2026-05-23 18:36:02,269 - INFO - Background: Browser is on the Best Buy home page
2026-05-23 18:36:15,279 - INFO - Selected United States
2026-05-23 18:36:15,808 - INFO - Home page verified successfully
2026-05-23 18:36:17,169 - INFO - Screenshot saved at: reports/screenshots\home_page_verified_20260523_183615.png
2026-05-23 18:36:17,174 - INFO - Background: Browser is on the Best Buy home page
2026-05-23 18:36:32,808 - INFO - Country selector not present Ś skipping
2026-05-23 18:37:03,267 - INFO - Background: Browser is on the Best Buy home page
2026-05-23 18:37:18,928 - INFO - Country selector not present Ś skipping
2026-05-23 18:37:39,149 - INFO - Background: Browser is on the Best Buy home page
2026-05-23 18:37:54,714 - INFO - Country selector not present Ś skipping
2026-05-23 18:38:15,152 - INFO - Background: Browser is on the Best Buy home page
2026-05-23 18:38:30,397 - INFO - Country selector not present Ś skipping
2026-05-23 18:38:40,155 - INFO - Background: Browser is on the Best Buy home page
2026-05-23 18:38:40,491 - INFO - Background: Browser is on the Best Buy home page
2026-05-23 18:38:40,501 - INFO - Background: Browser is on the Best Buy home page
2026-05-24 05:28:21,884 - INFO - Background: Browser is on the Best Buy home page
2026-05-24 05:28:31,781 - INFO - Selected United States
2026-05-24 05:28:32,240 - INFO - Home page verified successfully
2026-05-24 05:28:33,745 - INFO - Screenshot saved at: reports/screenshots\home_page_verified_20260524_052832.png
2026-05-24 05:28:33,747 - INFO - Background: Browser is on the Best Buy home page
2026-05-24 05:28:49,154 - INFO - Country selector not present Ś skipping
2026-05-24 05:29:19,369 - INFO - Background: Browser is on the Best Buy home page
2026-05-24 05:29:35,194 - INFO - Country selector not present Ś skipping
2026-05-24 05:29:55,501 - INFO - Background: Browser is on the Best Buy home page
2026-05-24 05:30:11,227 - INFO - Country selector not present Ś skipping
2026-05-24 05:30:31,474 - INFO - Background: Browser is on the Best Buy home page
2026-05-24 05:30:47,276 - INFO - Country selector not present Ś skipping
2026-05-24 05:30:53,028 - INFO - Background: Browser is on the Best Buy home page
2026-05-24 05:30:53,051 - INFO - Background: Browser is on the Best Buy home page
2026-05-24 05:30:53,071 - INFO - Background: Browser is on the Best Buy home page
